# JRE version: Java(TM) SE Runtime Environment (17.0.11+7) (build 17.0.11+7-LTS-207)
# Java VM: Java HotSpot(TM) 64-Bit Server VM (17.0.11+7-LTS-207, mixed mode, sharing, tiered, compressed oops, compressed class ptrs, g1 gc, windows-amd64)
GC Precious Log:
 CPUs: 12 total, 12 available
 Memory: 16332M
 Large Page Support: Disabled
 NUMA Support: Disabled
 Compressed Oops: Enabled (Zero based)
 Heap Region Size: 2M
 Heap Min Capacity: 8M
 Heap Initial Capacity: 256M
 Heap Max Capacity: 3G
 Pre-touch: Disabled
 Parallel Workers: 10
 Concurrent Workers: 3
 Concurrent Refinement Workers: 10
 Periodic GC: Disabled
Heap:
 garbage-first heap   total 561152K, used 395146K [0x0000000740000000, 0x0000000800000000)
  region size 2048K, 97 young (198656K), 11 survivors (22528K)
 Metaspace       used 65161K, committed 65856K, reserved 1114112K
  class space    used 9095K, committed 9408K, reserved 1048576K
GC Heap History (20 events):
Event: 6.785 GC heap after
{Heap after GC invocations=23 (full 0):
 garbage-first heap   total 120832K, used 55723K [0x0000000740000000, 0x0000000800000000)
  region size 2048K, 1 young (2048K), 1 survivors (2048K)
 Metaspace       used 58874K, committed 59456K, reserved 1114112K
  class space    used 8182K, committed 8448K, reserved 1048576K
}
Event: 6.914 GC heap before
{Heap before GC invocations=24 (full 0):
 garbage-first heap   total 120832K, used 65963K [0x0000000740000000, 0x0000000800000000)
  region size 2048K, 5 young (10240K), 1 survivors (2048K)
 Metaspace       used 60003K, committed 60672K, reserved 1114112K
  class space    used 8295K, committed 8576K, reserved 1048576K
}
Event: 6.916 GC heap after
{Heap after GC invocations=25 (full 0):
 garbage-first heap   total 120832K, used 56027K [0x0000000740000000, 0x0000000800000000)
  region size 2048K, 1 young (2048K), 1 survivors (2048K)
 Metaspace       used 60003K, committed 60672K, reserved 1114112K
  class space    used 8295K, committed 8576K, reserved 1048576K
}
Event: 7.065 GC heap before
{Heap before GC invocations=26 (full 0):
 garbage-first heap   total 137216K, used 88795K [0x0000000740000000, 0x0000000800000000)
  region size 2048K, 7 young (14336K), 1 survivors (2048K)
 Metaspace       used 60287K, committed 60864K, reserved 1114112K
  class space    used 8316K, committed 8576K, reserved 1048576K
}
Event: 7.067 GC heap after
{Heap after GC invocations=27 (full 0):
 garbage-first heap   total 137216K, used 57116K [0x0000000740000000, 0x0000000800000000)
  region size 2048K, 2 young (4096K), 2 survivors (4096K)
 Metaspace       used 60287K, committed 60864K, reserved 1114112K
  class space    used 8316K, committed 8576K, reserved 1048576K
}
Event: 7.100 GC heap before
{Heap before GC invocations=27 (full 0):
 garbage-first heap   total 137216K, used 81692K [0x0000000740000000, 0x0000000800000000)
  region size 2048K, 4 young (8192K), 2 survivors (4096K)
 Metaspace       used 60301K, committed 60864K, reserved 1114112K
  class space    used 8316K, committed 8576K, reserved 1048576K
}
Event: 7.102 GC heap after
{Heap after GC invocations=28 (full 0):
 garbage-first heap   total 137216K, used 57115K [0x0000000740000000, 0x0000000800000000)
  region size 2048K, 2 young (4096K), 2 survivors (4096K)
 Metaspace       used 60301K, committed 60864K, reserved 1114112K
  class space    used 8316K, committed 8576K, reserved 1048576K
}
Event: 7.105 GC heap before
{Heap before GC invocations=28 (full 0):
 garbage-first heap   total 137216K, used 59163K [0x0000000740000000, 0x0000000800000000)
  region size 2048K, 3 young (6144K), 2 survivors (4096K)
 Metaspace       used 60302K, committed 60864K, reserved 1114112K
  class space    used 8316K, committed 8576K, reserved 1048576K
}
Event: 7.106 GC heap after
{Heap after GC invocations=29 (full 0):
 garbage-first heap   total 180224K, used 57180K [0x0000000740000000, 0x0000000800000000)
  region size 2048K, 2 young (4096K), 2 survivors (4096K)
 Metaspace       used 60302K, committed 60864K, reserved 1114112K
  class space    used 8316K, committed 8576K, reserved 1048576K
}
Event: 7.133 GC heap before
{Heap before GC invocations=29 (full 0):
 garbage-first heap   total 180224K, used 79708K [0x0000000740000000, 0x0000000800000000)
  region size 2048K, 3 young (6144K), 2 survivors (4096K)
 Metaspace       used 60305K, committed 60864K, reserved 1114112K
  class space    used 8316K, committed 8576K, reserved 1048576K
}
Event: 7.135 GC heap after
{Heap after GC invocations=30 (full 0):
 garbage-first heap   total 180224K, used 57153K [0x0000000740000000, 0x0000000800000000)
  region size 2048K, 2 young (4096K), 2 survivors (4096K)
 Metaspace       used 60305K, committed 60864K, reserved 1114112K
  class space    used 8316K, committed 8576K, reserved 1048576K
}
Event: 7.886 GC heap before
{Heap before GC invocations=30 (full 0):
 garbage-first heap   total 180224K, used 153409K [0x0000000740000000, 0x0000000800000000)
  region size 2048K, 37 young (75776K), 2 survivors (4096K)
 Metaspace       used 64269K, committed 65024K, reserved 1114112K
  class space    used 9032K, committed 9408K, reserved 1048576K
}
Event: 7.891 GC heap after
{Heap after GC invocations=31 (full 0):
 garbage-first heap   total 180224K, used 76654K [0x0000000740000000, 0x0000000800000000)
  region size 2048K, 5 young (10240K), 5 survivors (10240K)
 Metaspace       used 64269K, committed 65024K, reserved 1114112K
  class space    used 9032K, committed 9408K, reserved 1048576K
}
Event: 8.017 GC heap before
{Heap before GC invocations=31 (full 0):
 garbage-first heap   total 180224K, used 150382K [0x0000000740000000, 0x0000000800000000)
  region size 2048K, 39 young (79872K), 5 survivors (10240K)
 Metaspace       used 64394K, committed 65152K, reserved 1114112K
  class space    used 9043K, committed 9408K, reserved 1048576K
}
Event: 8.041 GC heap after
{Heap after GC invocations=32 (full 0):
 garbage-first heap   total 208896K, used 116160K [0x0000000740000000, 0x0000000800000000)
  region size 2048K, 5 young (10240K), 5 survivors (10240K)
 Metaspace       used 64394K, committed 65152K, reserved 1114112K
  class space    used 9043K, committed 9408K, reserved 1048576K
}
Event: 8.072 GC heap before
{Heap before GC invocations=32 (full 0):
 garbage-first heap   total 208896K, used 153024K [0x0000000740000000, 0x0000000800000000)
  region size 2048K, 23 young (47104K), 5 survivors (10240K)
 Metaspace       used 64402K, committed 65152K, reserved 1114112K
  class space    used 9043K, committed 9408K, reserved 1048576K
}
Event: 8.085 GC heap after
{Heap after GC invocations=33 (full 0):
 garbage-first heap   total 208896K, used 141129K [0x0000000740000000, 0x0000000800000000)
  region size 2048K, 3 young (6144K), 3 survivors (6144K)
 Metaspace       used 64402K, committed 65152K, reserved 1114112K
  class space    used 9043K, committed 9408K, reserved 1048576K
}
Event: 8.105 GC heap before
{Heap before GC invocations=33 (full 0):
 garbage-first heap   total 208896K, used 161609K [0x0000000740000000, 0x0000000800000000)
  region size 2048K, 13 young (26624K), 3 survivors (6144K)
 Metaspace       used 64402K, committed 65152K, reserved 1114112K
  class space    used 9043K, committed 9408K, reserved 1048576K
}
Event: 8.113 GC heap after
{Heap after GC invocations=34 (full 0):
 garbage-first heap   total 561152K, used 155530K [0x0000000740000000, 0x0000000800000000)
  region size 2048K, 2 young (4096K), 2 survivors (4096K)
 Metaspace       used 64402K, committed 65152K, reserved 1114112K
  class space    used 9043K, committed 9408K, reserved 1048576K
}
Event: 8.922 GC heap before
{Heap before GC invocations=35 (full 0):
 garbage-first heap   total 561152K, used 393098K [0x0000000740000000, 0x0000000800000000)
  region size 2048K, 88 young (180224K), 2 survivors (4096K)
 Metaspace       used 65161K, committed 65856K, reserved 1114112K
  class space    used 9095K, committed 9408K, reserved 1048576K
}

