# JRE version: Java(TM) SE Runtime Environment (17.0.11+7) (build 17.0.11+7-LTS-207)
# Java VM: Java HotSpot(TM) 64-Bit Server VM (17.0.11+7-LTS-207, mixed mode, sharing, tiered, compressed oops, compressed class ptrs, g1 gc, windows-amd64)
GC Precious Log:
 CPUs: 12 total, 12 available
 Memory: 16332M
 Large Page Support: Disabled
 NUMA Support: Disabled
 Compressed Oops: Enabled (Zero based)
 Heap Region Size: 2M
 Heap Min Capacity: 8M
 Heap Initial Capacity: 256M
 Heap Max Capacity: 3G
 Pre-touch: Disabled
 Parallel Workers: 10
 Concurrent Workers: 3
 Concurrent Refinement Workers: 10
 Periodic GC: Disabled
Heap:
 garbage-first heap   total 83968K, used 58693K [0x0000000740000000, 0x0000000800000000)
  region size 2048K, 9 young (18432K), 1 survivors (2048K)
 Metaspace       used 55668K, committed 56256K, reserved 1114112K
  class space    used 7541K, committed 7808K, reserved 1048576K
GC Heap History (20 events):
Event: 3.506 GC heap before
{Heap before GC invocations=5 (full 0):
 garbage-first heap   total 83968K, used 55952K [0x0000000740000000, 0x0000000800000000)
  region size 2048K, 18 young (36864K), 2 survivors (4096K)
 Metaspace       used 31335K, committed 31680K, reserved 1114112K
  class space    used 4394K, committed 4544K, reserved 1048576K
}
Event: 3.508 GC heap after
{Heap after GC invocations=6 (full 0):
 garbage-first heap   total 83968K, used 28340K [0x0000000740000000, 0x0000000800000000)
  region size 2048K, 3 young (6144K), 3 survivors (6144K)
 Metaspace       used 31335K, committed 31680K, reserved 1114112K
  class space    used 4394K, committed 4544K, reserved 1048576K
}
Event: 3.951 GC heap before
{Heap before GC invocations=6 (full 0):
 garbage-first heap   total 83968K, used 63156K [0x0000000740000000, 0x0000000800000000)
  region size 2048K, 19 young (38912K), 3 survivors (6144K)
 Metaspace       used 35359K, committed 35712K, reserved 1114112K
  class space    used 4885K, committed 5056K, reserved 1048576K
}
Event: 3.955 GC heap after
{Heap after GC invocations=7 (full 0):
 garbage-first heap   total 83968K, used 30558K [0x0000000740000000, 0x0000000800000000)
  region size 2048K, 3 young (6144K), 3 survivors (6144K)
 Metaspace       used 35359K, committed 35712K, reserved 1114112K
  class space    used 4885K, committed 5056K, reserved 1048576K
}
Event: 3.997 GC heap before
{Heap before GC invocations=7 (full 0):
 garbage-first heap   total 83968K, used 32606K [0x0000000740000000, 0x0000000800000000)
  region size 2048K, 5 young (10240K), 3 survivors (6144K)
 Metaspace       used 35563K, committed 35968K, reserved 1114112K
  class space    used 4911K, committed 5120K, reserved 1048576K
}
Event: 3.999 GC heap after
{Heap after GC invocations=8 (full 0):
 garbage-first heap   total 83968K, used 31559K [0x0000000740000000, 0x0000000800000000)
  region size 2048K, 2 young (4096K), 2 survivors (4096K)
 Metaspace       used 35563K, committed 35968K, reserved 1114112K
  class space    used 4911K, committed 5120K, reserved 1048576K
}
Event: 4.309 GC heap before
{Heap before GC invocations=9 (full 0):
 garbage-first heap   total 83968K, used 60231K [0x0000000740000000, 0x0000000800000000)
  region size 2048K, 16 young (32768K), 2 survivors (4096K)
 Metaspace       used 37619K, committed 38016K, reserved 1114112K
  class space    used 5233K, committed 5440K, reserved 1048576K
}
Event: 4.312 GC heap after
{Heap after GC invocations=10 (full 0):
 garbage-first heap   total 83968K, used 33383K [0x0000000740000000, 0x0000000800000000)
  region size 2048K, 2 young (4096K), 2 survivors (4096K)
 Metaspace       used 37619K, committed 38016K, reserved 1114112K
  class space    used 5233K, committed 5440K, reserved 1048576K
}
Event: 4.343 GC heap before
{Heap before GC invocations=10 (full 0):
 garbage-first heap   total 83968K, used 35431K [0x0000000740000000, 0x0000000800000000)
  region size 2048K, 3 young (6144K), 2 survivors (4096K)
 Metaspace       used 37818K, committed 38336K, reserved 1114112K
  class space    used 5266K, committed 5504K, reserved 1048576K
}
Event: 4.346 GC heap after
{Heap after GC invocations=11 (full 0):
 garbage-first heap   total 83968K, used 33340K [0x0000000740000000, 0x0000000800000000)
  region size 2048K, 1 young (2048K), 1 survivors (2048K)
 Metaspace       used 37818K, committed 38336K, reserved 1114112K
  class space    used 5266K, committed 5504K, reserved 1048576K
}
Event: 4.665 GC heap before
{Heap before GC invocations=11 (full 0):
 garbage-first heap   total 83968K, used 57916K [0x0000000740000000, 0x0000000800000000)
  region size 2048K, 14 young (28672K), 1 survivors (2048K)
 Metaspace       used 40771K, committed 41216K, reserved 1114112K
  class space    used 5736K, committed 5952K, reserved 1048576K
}
Event: 4.667 GC heap after
{Heap after GC invocations=12 (full 0):
 garbage-first heap   total 83968K, used 34155K [0x0000000740000000, 0x0000000800000000)
  region size 2048K, 1 young (2048K), 1 survivors (2048K)
 Metaspace       used 40771K, committed 41216K, reserved 1114112K
  class space    used 5736K, committed 5952K, reserved 1048576K
}
Event: 5.044 GC heap before
{Heap before GC invocations=12 (full 0):
 garbage-first heap   total 83968K, used 60779K [0x0000000740000000, 0x0000000800000000)
  region size 2048K, 15 young (30720K), 1 survivors (2048K)
 Metaspace       used 43201K, committed 43648K, reserved 1114112K
  class space    used 5949K, committed 6144K, reserved 1048576K
}
Event: 5.046 GC heap after
{Heap after GC invocations=13 (full 0):
 garbage-first heap   total 83968K, used 35303K [0x0000000740000000, 0x0000000800000000)
  region size 2048K, 2 young (4096K), 2 survivors (4096K)
 Metaspace       used 43201K, committed 43648K, reserved 1114112K
  class space    used 5949K, committed 6144K, reserved 1048576K
}
Event: 5.509 GC heap before
{Heap before GC invocations=13 (full 0):
 garbage-first heap   total 83968K, used 59879K [0x0000000740000000, 0x0000000800000000)
  region size 2048K, 15 young (30720K), 2 survivors (4096K)
 Metaspace       used 49464K, committed 49920K, reserved 1114112K
  class space    used 6681K, committed 6912K, reserved 1048576K
}
Event: 5.512 GC heap after
{Heap after GC invocations=14 (full 0):
 garbage-first heap   total 83968K, used 37927K [0x0000000740000000, 0x0000000800000000)
  region size 2048K, 2 young (4096K), 2 survivors (4096K)
 Metaspace       used 49464K, committed 49920K, reserved 1114112K
  class space    used 6681K, committed 6912K, reserved 1048576K
}
Event: 6.112 GC heap before
{Heap before GC invocations=14 (full 0):
 garbage-first heap   total 83968K, used 66599K [0x0000000740000000, 0x0000000800000000)
  region size 2048K, 15 young (30720K), 2 survivors (4096K)
 Metaspace       used 52931K, committed 53504K, reserved 1114112K
  class space    used 7160K, committed 7424K, reserved 1048576K
}
Event: 6.115 GC heap after
{Heap after GC invocations=15 (full 0):
 garbage-first heap   total 83968K, used 42511K [0x0000000740000000, 0x0000000800000000)
  region size 2048K, 2 young (4096K), 2 survivors (4096K)
 Metaspace       used 52931K, committed 53504K, reserved 1114112K
  class space    used 7160K, committed 7424K, reserved 1048576K
}
Event: 6.384 GC heap before
{Heap before GC invocations=15 (full 0):
 garbage-first heap   total 83968K, used 65039K [0x0000000740000000, 0x0000000800000000)
  region size 2048K, 13 young (26624K), 2 survivors (4096K)
 Metaspace       used 55261K, committed 55808K, reserved 1114112K
  class space    used 7480K, committed 7744K, reserved 1048576K
}
Event: 6.387 GC heap after
{Heap after GC invocations=16 (full 0):
 garbage-first heap   total 83968K, used 44357K [0x0000000740000000, 0x0000000800000000)
  region size 2048K, 1 young (2048K), 1 survivors (2048K)
 Metaspace       used 55261K, committed 55808K, reserved 1114112K
  class space    used 7480K, committed 7744K, reserved 1048576K
}

