# JRE version: Java(TM) SE Runtime Environment (17.0.11+7) (build 17.0.11+7-LTS-207)
# Java VM: Java HotSpot(TM) 64-Bit Server VM (17.0.11+7-LTS-207, mixed mode, sharing, tiered, compressed oops, compressed class ptrs, g1 gc, windows-amd64)
GC Precious Log:
 CPUs: 12 total, 12 available
 Memory: 16332M
 Large Page Support: Disabled
 NUMA Support: Disabled
 Compressed Oops: Enabled (Zero based)
 Heap Region Size: 2M
 Heap Min Capacity: 8M
 Heap Initial Capacity: 256M
 Heap Max Capacity: 3G
 Pre-touch: Disabled
 Parallel Workers: 10
 Concurrent Workers: 3
 Concurrent Refinement Workers: 10
 Periodic GC: Disabled
Heap:
 garbage-first heap   total 83968K, used 61090K [0x0000000740000000, 0x0000000800000000)
  region size 2048K, 16 young (32768K), 2 survivors (4096K)
 Metaspace       used 38647K, committed 39104K, reserved 1114112K
  class space    used 5490K, committed 5696K, reserved 1048576K
GC Heap History (15 events):
Event: 0.457 GC heap before
{Heap before GC invocations=0 (full 0):
 garbage-first heap   total 262144K, used 26624K [0x0000000740000000, 0x0000000800000000)
  region size 2048K, 11 young (22528K), 0 survivors (0K)
 Metaspace       used 2970K, committed 3072K, reserved 1114112K
  class space    used 380K, committed 448K, reserved 1048576K
}
Event: 0.460 GC heap after
{Heap after GC invocations=1 (full 0):
 garbage-first heap   total 262144K, used 10060K [0x0000000740000000, 0x0000000800000000)
  region size 2048K, 2 young (4096K), 2 survivors (4096K)
 Metaspace       used 2970K, committed 3072K, reserved 1114112K
  class space    used 380K, committed 448K, reserved 1048576K
}
Event: 0.828 GC heap before
{Heap before GC invocations=1 (full 0):
 garbage-first heap   total 262144K, used 36684K [0x0000000740000000, 0x0000000800000000)
  region size 2048K, 15 young (30720K), 2 survivors (4096K)
 Metaspace       used 4005K, committed 4160K, reserved 1114112K
  class space    used 490K, committed 576K, reserved 1048576K
}
Event: 0.830 GC heap after
{Heap after GC invocations=2 (full 0):
 garbage-first heap   total 262144K, used 11159K [0x0000000740000000, 0x0000000800000000)
  region size 2048K, 1 young (2048K), 1 survivors (2048K)
 Metaspace       used 4005K, committed 4160K, reserved 1114112K
  class space    used 490K, committed 576K, reserved 1048576K
}
Event: 2.323 GC heap before
{Heap before GC invocations=2 (full 0):
 garbage-first heap   total 262144K, used 134039K [0x0000000740000000, 0x0000000800000000)
  region size 2048K, 63 young (129024K), 1 survivors (2048K)
 Metaspace       used 21206K, committed 21504K, reserved 1114112K
  class space    used 3161K, committed 3328K, reserved 1048576K
}
Event: 2.330 GC heap after
{Heap after GC invocations=3 (full 0):
 garbage-first heap   total 262144K, used 22150K [0x0000000740000000, 0x0000000800000000)
  region size 2048K, 6 young (12288K), 6 survivors (12288K)
 Metaspace       used 21206K, committed 21504K, reserved 1114112K
  class space    used 3161K, committed 3328K, reserved 1048576K
}
Event: 2.856 GC heap before
{Heap before GC invocations=4 (full 0):
 garbage-first heap   total 81920K, used 65158K [0x0000000740000000, 0x0000000800000000)
  region size 2048K, 28 young (57344K), 6 survivors (12288K)
 Metaspace       used 28807K, committed 29184K, reserved 1114112K
  class space    used 4159K, committed 4352K, reserved 1048576K
}
Event: 2.863 GC heap after
{Heap after GC invocations=5 (full 0):
 garbage-first heap   total 83968K, used 25521K [0x0000000740000000, 0x0000000800000000)
  region size 2048K, 2 young (4096K), 2 survivors (4096K)
 Metaspace       used 28807K, committed 29184K, reserved 1114112K
  class space    used 4159K, committed 4352K, reserved 1048576K
}
Event: 3.097 GC heap before
{Heap before GC invocations=5 (full 0):
 garbage-first heap   total 83968K, used 56241K [0x0000000740000000, 0x0000000800000000)
  region size 2048K, 18 young (36864K), 2 survivors (4096K)
 Metaspace       used 31083K, committed 31424K, reserved 1114112K
  class space    used 4392K, committed 4544K, reserved 1048576K
}
Event: 3.101 GC heap after
{Heap after GC invocations=6 (full 0):
 garbage-first heap   total 83968K, used 29211K [0x0000000740000000, 0x0000000800000000)
  region size 2048K, 2 young (4096K), 2 survivors (4096K)
 Metaspace       used 31083K, committed 31424K, reserved 1114112K
  class space    used 4392K, committed 4544K, reserved 1048576K
}
Event: 3.408 GC heap before
{Heap before GC invocations=6 (full 0):
 garbage-first heap   total 83968K, used 61979K [0x0000000740000000, 0x0000000800000000)
  region size 2048K, 17 young (34816K), 2 survivors (4096K)
 Metaspace       used 33866K, committed 34176K, reserved 1114112K
  class space    used 4721K, committed 4864K, reserved 1048576K
}
Event: 3.411 GC heap after
{Heap after GC invocations=7 (full 0):
 garbage-first heap   total 83968K, used 31403K [0x0000000740000000, 0x0000000800000000)
  region size 2048K, 2 young (4096K), 2 survivors (4096K)
 Metaspace       used 33866K, committed 34176K, reserved 1114112K
  class space    used 4721K, committed 4864K, reserved 1048576K
}
Event: 3.558 GC heap before
{Heap before GC invocations=7 (full 0):
 garbage-first heap   total 83968K, used 45739K [0x0000000740000000, 0x0000000800000000)
  region size 2048K, 10 young (20480K), 2 survivors (4096K)
 Metaspace       used 35620K, committed 35968K, reserved 1114112K
  class space    used 4977K, committed 5120K, reserved 1048576K
}
Event: 3.560 GC heap after
{Heap after GC invocations=8 (full 0):
 garbage-first heap   total 83968K, used 32418K [0x0000000740000000, 0x0000000800000000)
  region size 2048K, 1 young (2048K), 1 survivors (2048K)
 Metaspace       used 35620K, committed 35968K, reserved 1114112K
  class space    used 4977K, committed 5120K, reserved 1048576K
}
Event: 3.879 GC heap before
{Heap before GC invocations=9 (full 0):
 garbage-first heap   total 83968K, used 61090K [0x0000000740000000, 0x0000000800000000)
  region size 2048K, 15 young (30720K), 1 survivors (2048K)
 Metaspace       used 38647K, committed 39104K, reserved 1114112K
  class space    used 5490K, committed 5696K, reserved 1048576K
}

