# JRE version: Java(TM) SE Runtime Environment (17.0.11+7) (build 17.0.11+7-LTS-207)
# Java VM: Java HotSpot(TM) 64-Bit Server VM (17.0.11+7-LTS-207, mixed mode, sharing, tiered, compressed oops, compressed class ptrs, g1 gc, windows-amd64)
GC Precious Log:
 CPUs: 12 total, 12 available
 Memory: 16332M
 Large Page Support: Disabled
 NUMA Support: Disabled
 Compressed Oops: Enabled (Zero based)
 Heap Region Size: 2M
 Heap Min Capacity: 8M
 Heap Initial Capacity: 256M
 Heap Max Capacity: 3G
 Pre-touch: Disabled
 Parallel Workers: 10
 Concurrent Workers: 3
 Concurrent Refinement Workers: 10
 Periodic GC: Disabled
Heap:
 garbage-first heap   total 202752K, used 147128K [0x0000000740000000, 0x0000000800000000)
  region size 2048K, 37 young (75776K), 5 survivors (10240K)
 Metaspace       used 64422K, committed 65088K, reserved 1114112K
  class space    used 9038K, committed 9344K, reserved 1048576K
GC Heap History (20 events):
Event: 5.822 GC heap after
{Heap after GC invocations=15 (full 0):
 garbage-first heap   total 90112K, used 43587K [0x0000000740000000, 0x0000000800000000)
  region size 2048K, 2 young (4096K), 2 survivors (4096K)
 Metaspace       used 54164K, committed 54656K, reserved 1114112K
  class space    used 7431K, committed 7680K, reserved 1048576K
}
Event: 6.008 GC heap before
{Heap before GC invocations=15 (full 0):
 garbage-first heap   total 90112K, used 70211K [0x0000000740000000, 0x0000000800000000)
  region size 2048K, 15 young (30720K), 2 survivors (4096K)
 Metaspace       used 54913K, committed 55488K, reserved 1114112K
  class space    used 7549K, committed 7808K, reserved 1048576K
}
Event: 6.012 GC heap after
{Heap after GC invocations=16 (full 0):
 garbage-first heap   total 133120K, used 47025K [0x0000000740000000, 0x0000000800000000)
  region size 2048K, 2 young (4096K), 2 survivors (4096K)
 Metaspace       used 54913K, committed 55488K, reserved 1114112K
  class space    used 7549K, committed 7808K, reserved 1048576K
}
Event: 6.356 GC heap before
{Heap before GC invocations=17 (full 0):
 garbage-first heap   total 133120K, used 100273K [0x0000000740000000, 0x0000000800000000)
  region size 2048K, 28 young (57344K), 2 survivors (4096K)
 Metaspace       used 56049K, committed 56640K, reserved 1114112K
  class space    used 7753K, committed 8000K, reserved 1048576K
}
Event: 6.361 GC heap after
{Heap after GC invocations=18 (full 0):
 garbage-first heap   total 133120K, used 52122K [0x0000000740000000, 0x0000000800000000)
  region size 2048K, 4 young (8192K), 4 survivors (8192K)
 Metaspace       used 56049K, committed 56640K, reserved 1114112K
  class space    used 7753K, committed 8000K, reserved 1048576K
}
Event: 7.803 GC heap before
{Heap before GC invocations=18 (full 0):
 garbage-first heap   total 133120K, used 101274K [0x0000000740000000, 0x0000000800000000)
  region size 2048K, 23 young (47104K), 4 survivors (8192K)
 Metaspace       used 58908K, committed 59456K, reserved 1114112K
  class space    used 8185K, committed 8448K, reserved 1048576K
}
Event: 7.808 GC heap after
{Heap after GC invocations=19 (full 0):
 garbage-first heap   total 133120K, used 55467K [0x0000000740000000, 0x0000000800000000)
  region size 2048K, 2 young (4096K), 2 survivors (4096K)
 Metaspace       used 58908K, committed 59456K, reserved 1114112K
  class space    used 8185K, committed 8448K, reserved 1048576K
}
Event: 7.917 GC heap before
{Heap before GC invocations=19 (full 0):
 garbage-first heap   total 133120K, used 65707K [0x0000000740000000, 0x0000000800000000)
  region size 2048K, 6 young (12288K), 2 survivors (4096K)
 Metaspace       used 60032K, committed 60736K, reserved 1114112K
  class space    used 8299K, committed 8640K, reserved 1048576K
}
Event: 7.919 GC heap after
{Heap after GC invocations=20 (full 0):
 garbage-first heap   total 133120K, used 55338K [0x0000000740000000, 0x0000000800000000)
  region size 2048K, 2 young (4096K), 2 survivors (4096K)
 Metaspace       used 60032K, committed 60736K, reserved 1114112K
  class space    used 8299K, committed 8640K, reserved 1048576K
}
Event: 8.065 GC heap before
{Heap before GC invocations=20 (full 0):
 garbage-first heap   total 133120K, used 88106K [0x0000000740000000, 0x0000000800000000)
  region size 2048K, 8 young (16384K), 2 survivors (4096K)
 Metaspace       used 60316K, committed 60992K, reserved 1114112K
  class space    used 8317K, committed 8640K, reserved 1048576K
}
Event: 8.068 GC heap after
{Heap after GC invocations=21 (full 0):
 garbage-first heap   total 133120K, used 56328K [0x0000000740000000, 0x0000000800000000)
  region size 2048K, 3 young (6144K), 3 survivors (6144K)
 Metaspace       used 60316K, committed 60992K, reserved 1114112K
  class space    used 8317K, committed 8640K, reserved 1048576K
}
Event: 8.099 GC heap before
{Heap before GC invocations=21 (full 0):
 garbage-first heap   total 133120K, used 80904K [0x0000000740000000, 0x0000000800000000)
  region size 2048K, 5 young (10240K), 3 survivors (6144K)
 Metaspace       used 60332K, committed 60992K, reserved 1114112K
  class space    used 8317K, committed 8640K, reserved 1048576K
}
Event: 8.102 GC heap after
{Heap after GC invocations=22 (full 0):
 garbage-first heap   total 133120K, used 56342K [0x0000000740000000, 0x0000000800000000)
  region size 2048K, 3 young (6144K), 3 survivors (6144K)
 Metaspace       used 60332K, committed 60992K, reserved 1114112K
  class space    used 8317K, committed 8640K, reserved 1048576K
}
Event: 8.105 GC heap before
{Heap before GC invocations=22 (full 0):
 garbage-first heap   total 133120K, used 58390K [0x0000000740000000, 0x0000000800000000)
  region size 2048K, 4 young (8192K), 3 survivors (6144K)
 Metaspace       used 60332K, committed 60992K, reserved 1114112K
  class space    used 8317K, committed 8640K, reserved 1048576K
}
Event: 8.107 GC heap after
{Heap after GC invocations=23 (full 0):
 garbage-first heap   total 165888K, used 56415K [0x0000000740000000, 0x0000000800000000)
  region size 2048K, 3 young (6144K), 3 survivors (6144K)
 Metaspace       used 60332K, committed 60992K, reserved 1114112K
  class space    used 8317K, committed 8640K, reserved 1048576K
}
Event: 8.133 GC heap before
{Heap before GC invocations=23 (full 0):
 garbage-first heap   total 165888K, used 78943K [0x0000000740000000, 0x0000000800000000)
  region size 2048K, 4 young (8192K), 3 survivors (6144K)
 Metaspace       used 60336K, committed 60992K, reserved 1114112K
  class space    used 8318K, committed 8640K, reserved 1048576K
}
Event: 8.136 GC heap after
{Heap after GC invocations=24 (full 0):
 garbage-first heap   total 165888K, used 56416K [0x0000000740000000, 0x0000000800000000)
  region size 2048K, 3 young (6144K), 3 survivors (6144K)
 Metaspace       used 60336K, committed 60992K, reserved 1114112K
  class space    used 8318K, committed 8640K, reserved 1048576K
}
Event: 8.829 GC heap before
{Heap before GC invocations=24 (full 0):
 garbage-first heap   total 165888K, used 144480K [0x0000000740000000, 0x0000000800000000)
  region size 2048K, 38 young (77824K), 3 survivors (6144K)
 Metaspace       used 64298K, committed 65024K, reserved 1114112K
  class space    used 9026K, committed 9344K, reserved 1048576K
}
Event: 8.834 GC heap after
{Heap after GC invocations=25 (full 0):
 garbage-first heap   total 165888K, used 69304K [0x0000000740000000, 0x0000000800000000)
  region size 2048K, 5 young (10240K), 5 survivors (10240K)
 Metaspace       used 64298K, committed 65024K, reserved 1114112K
  class space    used 9026K, committed 9344K, reserved 1048576K
}
Event: 8.956 GC heap before
{Heap before GC invocations=25 (full 0):
 garbage-first heap   total 165888K, used 145080K [0x0000000740000000, 0x0000000800000000)
  region size 2048K, 37 young (75776K), 5 survivors (10240K)
 Metaspace       used 64422K, committed 65088K, reserved 1114112K
  class space    used 9038K, committed 9344K, reserved 1048576K
}

